Name                                                                       Stmts   Miss  Cover   Missing
--------------------------------------------------------------------------------------------------------
src/vllm_router/__init__.py                                                    0      0   100%
src/vllm_router/_version.py                                                   13     13     0%   4-21
src/vllm_router/app.py                                                       105    105     0%   1-243
src/vllm_router/dynamic_config.py                                             88     88     0%   1-228
src/vllm_router/experimental/__init__.py                                       2      2     0%   8-15
src/vllm_router/experimental/feature_gates.py                                 63     63     0%   3-141
src/vllm_router/experimental/pii/__init__.py                                  26     26     0%   3-58
src/vllm_router/experimental/pii/analyzers/__init__.py                         4      4     0%   3-7
src/vllm_router/experimental/pii/analyzers/base.py                            28     28     0%   3-65
src/vllm_router/experimental/pii/analyzers/factory.py                         19     19     0%   3-55
src/vllm_router/experimental/pii/analyzers/presidio.py                        81     81     0%   3-172
src/vllm_router/experimental/pii/analyzers/regex.py                           37     37     0%   3-92
src/vllm_router/experimental/pii/config.py                                    18     18     0%   3-40
src/vllm_router/experimental/pii/middleware.py                                56     56     0%   3-154
src/vllm_router/experimental/pii/types.py                                     27     27     0%   3-53
src/vllm_router/experimental/semantic_cache.py                               121    121     0%   1-386
src/vllm_router/experimental/semantic_cache/__init__.py                       11     11     0%   8-48
src/vllm_router/experimental/semantic_cache/db_adapters/__init__.py            3      3     0%   1-6
src/vllm_router/experimental/semantic_cache/db_adapters/base.py               10     10     0%   1-46
src/vllm_router/experimental/semantic_cache/db_adapters/faiss_adapter.py      58     58     0%   1-132
src/vllm_router/experimental/semantic_cache/semantic_cache.py                 99     99     0%   1-353
src/vllm_router/experimental/semantic_cache_integration.py                   121    121     0%   7-306
src/vllm_router/httpx_client.py                                               18     18     0%   1-36
src/vllm_router/log.py                                                        39      0   100%
src/vllm_router/parsers/__init__.py                                            0      0   100%
src/vllm_router/parsers/parser.py                                             55     55     0%   1-215
src/vllm_router/protocols.py                                                  33     33     0%   1-51
src/vllm_router/routers/__init__.py                                            0      0   100%
src/vllm_router/routers/batches_router.py                                     50     50     0%   1-98
src/vllm_router/routers/files_router.py                                       34     34     0%   1-66
src/vllm_router/routers/main_router.py                                        73     73     0%   1-162
src/vllm_router/routers/metrics_router.py                                     26     26     0%   1-64
src/vllm_router/routers/routing_logic.py                                      84     27    68%   42, 49-52, 73-76, 87, 89, 110, 179-186, 193-196, 201-204
src/vllm_router/service_discovery.py                                         157    112    29%   46, 55, 61, 66-69, 79, 100-118, 126-129, 142-155, 160-182, 185-190, 197-199, 209-239, 249-250, 259, 265-267, 285-290, 312-318, 328-337, 351-354, 360-373
src/vllm_router/services/__init__.py                                           0      0   100%
src/vllm_router/services/batch_service/__init__.py                             8      8     0%   1-16
src/vllm_router/services/batch_service/batch.py                               42     42     0%   1-70
src/vllm_router/services/batch_service/local_processor.py                     96     96     0%   1-208
src/vllm_router/services/batch_service/processor.py                           22     22     0%   1-45
src/vllm_router/services/callbacks_service/__init__.py                         0      0   100%
src/vllm_router/services/callbacks_service/callbacks.py                       10     10     0%   1-19
src/vllm_router/services/callbacks_service/custom_callbacks.py                 9      9     0%   1-42
src/vllm_router/services/files_service/__init__.py                             2      0   100%
src/vllm_router/services/files_service/file_storage.py                        59      5    92%   76-80
src/vllm_router/services/files_service/openai_files.py                        17      3    82%   22, 32, 42
src/vllm_router/services/files_service/storage.py                             29     10    66%   43, 79, 96, 113, 127, 139, 152-157
src/vllm_router/services/metrics_service/__init__.py                          11     11     0%   1-30
src/vllm_router/services/metrics_service/prometheus_gauge.py                   0      0   100%
src/vllm_router/services/request_service/__init__.py                           0      0   100%
src/vllm_router/services/request_service/request.py                           75     75     0%   3-212
src/vllm_router/services/request_service/rewriter.py                          24     24     0%   7-107
src/vllm_router/stats/__init__.py                                              0      0   100%
src/vllm_router/stats/engine_stats.py                                         92     63    32%   41-57, 80-94, 103-110, 121-136, 143-146, 157-159, 168-169, 179, 185-186, 190, 195
src/vllm_router/stats/log_stats.py                                            36     36     0%   1-82
src/vllm_router/stats/request_stats.py                                       124     67    46%   50-52, 65-72, 78-83, 86, 89, 103, 140-153, 164-182, 193-198, 210-212, 227-282
src/vllm_router/utils.py                                                      45     25    44%   18-23, 36, 52-60, 65-72, 83-90, 94-95
src/vllm_router/version.py                                                     7      7     0%   1-9
--------------------------------------------------------------------------------------------------------
TOTAL                                                                       2267   1931    15%
